<?xml version="1.0" encoding="UTF-8"?>
<coverage generated="1738160273771" clover="3.2.0">
  <project timestamp="1738160273774" name="All files">
    <metrics statements="28" coveredstatements="28" conditionals="8" coveredconditionals="8" methods="4" coveredmethods="4" elements="40" coveredelements="40" complexity="0" loc="28" ncloc="28" packages="1" files="3" classes="3"/>
    <file name="conway.js" path="/home/iut45/Etudiants/o22202319/Documents/maintenance_app/tp/tp2/but3-tp-tdd/src/conway.js">
      <metrics statements="15" coveredstatements="15" conditionals="2" coveredconditionals="2" methods="2" coveredmethods="2"/>
      <line num="2" count="2" type="stmt"/>
      <line num="3" count="2" type="stmt"/>
      <line num="4" count="2" type="stmt"/>
      <line num="5" count="6" type="stmt"/>
      <line num="6" count="6" type="stmt"/>
      <line num="8" count="2" type="stmt"/>
      <line num="12" count="6" type="stmt"/>
      <line num="13" count="6" type="stmt"/>
      <line num="14" count="6" type="stmt"/>
      <line num="15" count="12" type="cond" truecount="2" falsecount="0"/>
      <line num="16" count="3" type="stmt"/>
      <line num="18" count="9" type="stmt"/>
      <line num="19" count="9" type="stmt"/>
      <line num="22" count="6" type="stmt"/>
      <line num="25" count="1" type="stmt"/>
    </file>
    <file name="fizzbuzz.js" path="/home/iut45/Etudiants/o22202319/Documents/maintenance_app/tp/tp2/but3-tp-tdd/src/fizzbuzz.js">
      <metrics statements="11" coveredstatements="11" conditionals="6" coveredconditionals="6" methods="1" coveredmethods="1"/>
      <line num="2" count="2" type="stmt"/>
      <line num="3" count="2" type="stmt"/>
      <line num="4" count="23" type="cond" truecount="2" falsecount="0"/>
      <line num="5" count="1" type="stmt"/>
      <line num="6" count="22" type="cond" truecount="2" falsecount="0"/>
      <line num="7" count="6" type="stmt"/>
      <line num="8" count="16" type="cond" truecount="2" falsecount="0"/>
      <line num="9" count="3" type="stmt"/>
      <line num="11" count="13" type="stmt"/>
      <line num="14" count="2" type="stmt"/>
      <line num="17" count="1" type="stmt"/>
    </file>
    <file name="sum.js" path="/home/iut45/Etudiants/o22202319/Documents/maintenance_app/tp/tp2/but3-tp-tdd/src/sum.js">
      <metrics statements="2" coveredstatements="2" conditionals="0" coveredconditionals="0" methods="1" coveredmethods="1"/>
      <line num="2" count="1" type="stmt"/>
      <line num="5" count="1" type="stmt"/>
    </file>
  </project>
</coverage>
