TN:
SF:src/conway.js
FN:1,conway
FN:11,next
FNF:2
FNH:2
FNDA:2,conway
FNDA:6,next
DA:2,2
DA:3,2
DA:4,2
DA:5,6
DA:6,6
DA:8,2
DA:12,6
DA:13,6
DA:14,6
DA:15,12
DA:16,3
DA:18,9
DA:19,9
DA:22,6
DA:25,1
LF:15
LH:15
BRDA:15,0,0,3
BRDA:15,0,1,9
BRF:2
BRH:2
end_of_record
TN:
SF:src/fizzbuzz.js
FN:1,fizzBuzz
FNF:1
FNH:1
FNDA:2,fizzBuzz
DA:2,2
DA:3,2
DA:4,23
DA:5,1
DA:6,22
DA:7,6
DA:8,16
DA:9,3
DA:11,13
DA:14,2
DA:17,1
LF:11
LH:11
BRDA:4,0,0,1
BRDA:4,0,1,22
BRDA:6,1,0,6
BRDA:6,1,1,16
BRDA:8,2,0,3
BRDA:8,2,1,13
BRF:6
BRH:6
end_of_record
TN:
SF:src/sum.js
FN:1,sum
FNF:1
FNH:1
FNDA:1,sum
DA:2,1
DA:5,1
LF:2
LH:2
BRF:0
BRH:0
end_of_record
