<?xml version="1.0" encoding="UTF-8"?>
<testsuite xmlns:xsi="http://www.w3.org/2001/XMLSchema-instance" xsi:noNamespaceSchemaLocation="https://maven.apache.org/surefire/maven-surefire-plugin/xsd/surefire-test-report.xsd" version="3.0.1" name="app.MovieTest" time="0.016" tests="4" errors="0" skipped="0" failures="0">
  <properties>
[...]
</properties>
  <testcase name="testGetTitle" classname="app.MovieTest" time="0.004"/>
  <testcase name="testGetPriceCode" classname="app.MovieTest" time="0.0"/>
  <testcase name="testSetPriceCode" classname="app.MovieTest" time="0.004"/>
  <testcase name="testMovieGetPriceCode" classname="app.MovieTest" time="0.0"/>
</testsuite>