GROUP,PACKAGE,CLASS,INSTRUCTION_MISSED,INSTRUCTION_COVERED,BRANCH_MISSED,BRANCH_COVERED,LINE_MISSED,LINE_COVERED,COMPLEXITY_MISSED,COMPLEXITY_COVERED,METHOD_MISSED,METHOD_COVERED
R6.06_TP3_Java,app,ChildrenPrice,0,19,0,2,0,5,0,3,0,2
R6.06_TP3_Java,app,Movie,5,66,1,9,1,19,1,11,0,6
R6.06_TP3_Java,app,RegularPrice,0,19,0,2,0,5,0,3,0,2
R6.06_TP3_Java,app,Customer,0,98,0,6,0,24,0,9,0,6
R6.06_TP3_Java,app,Price,0,5,0,0,0,2,0,2,0,2
R6.06_TP3_Java,app,NewReleasePrice,0,15,0,2,0,3,0,4,0,3
R6.06_TP3_Java,app,Rental,0,27,0,0,0,8,0,5,0,5
